Using pre-set license
Built from '2021.1/staging' branch; Version is '2021.1.3f1 (4bef613afd59) revision 4976481'; Using compiler version '192528614'; Build Type 'Release'
OS: 'Windows 10 Home; OS build 19042.928; Version 2009; 64bit' Language: 'en' Physical Memory: 16334 MB
BatchMode: 1, IsHumanControllingUs: 0, StartBugReporterOnCrash: 0, Is64bit: 1, IsPro: 0

 COMMAND LINE ARGUMENTS:
C:\Program Files\Unity\Hub\Editor\2021.1.3f1\Editor\Unity.exe
-adb2
-batchMode
-noUpm
-name
AssetImportWorker0
-projectPath
D:/github/bullethell-jam
-logFile
Logs/AssetImportWorker0.log
-srvPort
50856
Successfully changed project path to: D:/github/bullethell-jam
D:/github/bullethell-jam
Using Asset Import Pipeline V2.
Refreshing native plugins compatible for Editor in 56.18 ms, found 1 plugins.
Preloading 0 native plugins for Editor in 0.00 ms.
Initialize engine version: 2021.1.3f1 (4bef613afd59)
[Subsystems] Discovering subsystems at path C:/Program Files/Unity/Hub/Editor/2021.1.3f1/Editor/Data/Resources/UnitySubsystems
[Subsystems] Discovering subsystems at path D:/github/bullethell-jam/Assets
GfxDevice: creating device client; threaded=0; jobified=0
Direct3D:
    Version:  Direct3D 11.0 [level 11.1]
    Renderer: NVIDIA GeForce GTX 1080 (ID=0x1b80)
    Vendor:   NVIDIA
    VRAM:     8079 MB
    Driver:   27.21.14.6172
Shader 'Universal Render Pipeline/Particles/Lit': fallback shader 'Universal Render Pipeline/Particles/SimpleLit' not found
Initialize mono
Mono path[0] = 'C:/Program Files/Unity/Hub/Editor/2021.1.3f1/Editor/Data/Managed'
Mono path[1] = 'C:/Program Files/Unity/Hub/Editor/2021.1.3f1/Editor/Data/MonoBleedingEdge/lib/mono/unityjit'
Mono config path = 'C:/Program Files/Unity/Hub/Editor/2021.1.3f1/Editor/Data/MonoBleedingEdge/etc'
Using monoOptions --debugger-agent=transport=dt_socket,embedding=1,server=y,suspend=n,address=127.0.0.1:56260
Begin MonoManager ReloadAssembly
Registering precompiled unity dll's ...
Register platform support module: C:/Program Files/Unity/Hub/Editor/2021.1.3f1/Editor/Data/PlaybackEngines/WindowsStandaloneSupport/UnityEditor.WindowsStandalone.Extensions.dll
Registered in 0.001499 seconds.
Native extension for WindowsStandalone target not found
Refreshing native plugins compatible for Editor in 57.65 ms, found 1 plugins.
Preloading 0 native plugins for Editor in 0.00 ms.
Mono: successfully reloaded assembly
- Completed reload, in  0.966 seconds
Platform modules already initialized, skipping
Registering precompiled user dll's ...
Registered in 0.000803 seconds.
Begin MonoManager ReloadAssembly
Native extension for WindowsStandalone target not found
Refreshing native plugins compatible for Editor in 58.53 ms, found 1 plugins.
Preloading 0 native plugins for Editor in 0.00 ms.
Mono: successfully reloaded assembly
- Completed reload, in  0.892 seconds
Platform modules already initialized, skipping
========================================================================
Worker process is ready to serve import requests
Shader 'Universal Render Pipeline/Particles/Lit': fallback shader 'Universal Render Pipeline/Particles/SimpleLit' not found
Launched and connected shader compiler UnityShaderCompiler.exe after 0.04 seconds
Refreshing native plugins compatible for Editor in 0.60 ms, found 1 plugins.
Preloading 0 native plugins for Editor in 0.00 ms.
Unloading 3146 Unused Serialized files (Serialized files now loaded: 0)
System memory in use before: 145.2 MB.
System memory in use after: 145.4 MB.

Unloading 19 unused Assets to reduce memory usage. Loaded Objects now: 3609.
Total: 2.593300 ms (FindLiveObjects: 0.418500 ms CreateObjectMapping: 0.091600 ms MarkObjects: 2.023600 ms  DeleteObjects: 0.058300 ms)

========================================================================
Received Import Request.
  path: Assets/Level design/Rooms/Simple/unfuny.asset
  artifactKey: Guid(b85f7999e724ea146b0afa81bb617cb9) Importer(815301076,1909f56bfc062723c751e8b465ee728b)
Start importing Assets/Level design/Rooms/Simple/unfuny.asset using Guid(b85f7999e724ea146b0afa81bb617cb9) Importer(815301076,1909f56bfc062723c751e8b465ee728b)  -> (artifact id: '47007815ebdd25d8543da7d1fe20f585') in 0.032960 seconds 
========================================================================
Received Import Request.
  Time since last request: 1007.484748 seconds.
  path: Assets/Level design/Rooms/Simple/simple.asset
  artifactKey: Guid(b85f7999e724ea146b0afa81bb617cb9) Importer(815301076,1909f56bfc062723c751e8b465ee728b)
Start importing Assets/Level design/Rooms/Simple/simple.asset using Guid(b85f7999e724ea146b0afa81bb617cb9) Importer(815301076,1909f56bfc062723c751e8b465ee728b)  -> (artifact id: 'ae2c1010dce74455a945eaa34854f0df') in 0.006188 seconds 
========================================================================
Received Import Request.
  Time since last request: 42.685748 seconds.
  path: Assets/Level design/Rooms/Simple/trash spiral.asset
  artifactKey: Guid(d31e7706526c58d428c26d4cca677e36) Importer(815301076,1909f56bfc062723c751e8b465ee728b)
Start importing Assets/Level design/Rooms/Simple/trash spiral.asset using Guid(d31e7706526c58d428c26d4cca677e36) Importer(815301076,1909f56bfc062723c751e8b465ee728b)  -> (artifact id: '1feefba7fcf2ef0556f534a3447bb7c4') in 0.006293 seconds 
========================================================================
Received Import Request.
  Time since last request: 204.167857 seconds.
  path: Assets/Level design/Rooms/Simple/New Room Data.asset
  artifactKey: Guid(74a466f58c7e75a4f8471c8327be417e) Importer(815301076,1909f56bfc062723c751e8b465ee728b)
Start importing Assets/Level design/Rooms/Simple/New Room Data.asset using Guid(74a466f58c7e75a4f8471c8327be417e) Importer(815301076,1909f56bfc062723c751e8b465ee728b)  -> (artifact id: '1c04e9512b76ecf0cc7303e5edd5896e') in 0.005113 seconds 
========================================================================
Received Import Request.
  Time since last request: 427.552449 seconds.
  path: Assets/Level design/Rooms/Simple/trash mid.asset
  artifactKey: Guid(74a466f58c7e75a4f8471c8327be417e) Importer(815301076,1909f56bfc062723c751e8b465ee728b)
Start importing Assets/Level design/Rooms/Simple/trash mid.asset using Guid(74a466f58c7e75a4f8471c8327be417e) Importer(815301076,1909f56bfc062723c751e8b465ee728b)  -> (artifact id: '057f91af3f6b608cc3f4b48d22d7d4e1') in 0.005358 seconds 
========================================================================
Received Import Request.
  Time since last request: 434.951692 seconds.
  path: Assets/Level design/Rooms/Simple/simple_LR.asset
  artifactKey: Guid(d31e7706526c58d428c26d4cca677e36) Importer(815301076,1909f56bfc062723c751e8b465ee728b)
Start importing Assets/Level design/Rooms/Simple/simple_LR.asset using Guid(d31e7706526c58d428c26d4cca677e36) Importer(815301076,1909f56bfc062723c751e8b465ee728b)  -> (artifact id: 'f33d69c85e04e9eb7b4e430ee7cfec95') in 0.006926 seconds 
========================================================================
Received Import Request.
  Time since last request: 473.240582 seconds.
  path: Assets/Scripts/Level design/RoomData.cs
  artifactKey: Guid(acc0eafccb98b8c4c9da2b1232c92e71) Importer(815301076,1909f56bfc062723c751e8b465ee728b)
Start importing Assets/Scripts/Level design/RoomData.cs using Guid(acc0eafccb98b8c4c9da2b1232c92e71) Importer(815301076,1909f56bfc062723c751e8b465ee728b)  -> (artifact id: '86cdf06823d5ad1e368e598ff7fdca7d') in 0.006135 seconds 
========================================================================
Received Import Request.
  Time since last request: 1122.362664 seconds.
  path: Assets/Level design/Rooms/Simple/New Room Data.asset
  artifactKey: Guid(f944d15bb2c056a4ca05886671d1aa05) Importer(815301076,1909f56bfc062723c751e8b465ee728b)
Start importing Assets/Level design/Rooms/Simple/New Room Data.asset using Guid(f944d15bb2c056a4ca05886671d1aa05) Importer(815301076,1909f56bfc062723c751e8b465ee728b)  -> (artifact id: 'd675cf198963c79201077a8b2ebc315b') in 0.001674 seconds 
========================================================================
Received Import Request.
  Time since last request: 2163.070462 seconds.
  path: Assets/Level design/Rooms/Simple/long pipe.asset
  artifactKey: Guid(f944d15bb2c056a4ca05886671d1aa05) Importer(815301076,1909f56bfc062723c751e8b465ee728b)
Start importing Assets/Level design/Rooms/Simple/long pipe.asset using Guid(f944d15bb2c056a4ca05886671d1aa05) Importer(815301076,1909f56bfc062723c751e8b465ee728b)  -> (artifact id: '6e558ec832850ed926f2c0c461e2e98a') in 0.005660 seconds 
========================================================================
Received Import Request.
  Time since last request: 1371.225472 seconds.
  path: Assets/Level design/Rooms/Simple/New Room Data.asset
  artifactKey: Guid(acd7eeef65b26d649bb40d2d4c57b67c) Importer(815301076,1909f56bfc062723c751e8b465ee728b)
Start importing Assets/Level design/Rooms/Simple/New Room Data.asset using Guid(acd7eeef65b26d649bb40d2d4c57b67c) Importer(815301076,1909f56bfc062723c751e8b465ee728b)  -> (artifact id: 'b1acd193fccdd62b48b30f94add035c9') in 0.001710 seconds 
========================================================================
Received Import Request.
  Time since last request: 668.992237 seconds.
  path: Assets/Level design/Rooms/Simple/pipe way.asset
  artifactKey: Guid(acd7eeef65b26d649bb40d2d4c57b67c) Importer(815301076,1909f56bfc062723c751e8b465ee728b)
Start importing Assets/Level design/Rooms/Simple/pipe way.asset using Guid(acd7eeef65b26d649bb40d2d4c57b67c) Importer(815301076,1909f56bfc062723c751e8b465ee728b)  -> (artifact id: 'be1d599e096b895bacdccd5661f55e9f') in 0.006440 seconds 
========================================================================
Received Import Request.
  Time since last request: 451.914242 seconds.
  path: Assets/Level design/Rooms/Simple/New Room Data.asset
  artifactKey: Guid(bbc408747fba36043b4cd8f5b3082959) Importer(815301076,1909f56bfc062723c751e8b465ee728b)
Start importing Assets/Level design/Rooms/Simple/New Room Data.asset using Guid(bbc408747fba36043b4cd8f5b3082959) Importer(815301076,1909f56bfc062723c751e8b465ee728b)  -> (artifact id: '676e8fd319372482bbd4c21fd87f9b81') in 0.001696 seconds 
========================================================================
Received Import Request.
  Time since last request: 458.027646 seconds.
  path: Assets/Level design/Rooms/Simple/trash isles.asset
  artifactKey: Guid(bbc408747fba36043b4cd8f5b3082959) Importer(815301076,1909f56bfc062723c751e8b465ee728b)
Start importing Assets/Level design/Rooms/Simple/trash isles.asset using Guid(bbc408747fba36043b4cd8f5b3082959) Importer(815301076,1909f56bfc062723c751e8b465ee728b)  -> (artifact id: '89fc555714e5e6fcfe24c85e76a7b015') in 0.005271 seconds 
========================================================================
Received Import Request.
  Time since last request: 79.054500 seconds.
  path: Assets/Level design/Rooms/Simple/New Room Data.asset
  artifactKey: Guid(26928a96ac7e2114cac6773c64fdaca6) Importer(815301076,1909f56bfc062723c751e8b465ee728b)
Start importing Assets/Level design/Rooms/Simple/New Room Data.asset using Guid(26928a96ac7e2114cac6773c64fdaca6) Importer(815301076,1909f56bfc062723c751e8b465ee728b)  -> (artifact id: 'ba428e83a1416e485433559d061db2d3') in 0.001728 seconds 
========================================================================
Received Import Request.
  Time since last request: 333.473151 seconds.
  path: Assets/Level design/Rooms/Simple/small pipe.asset
  artifactKey: Guid(26928a96ac7e2114cac6773c64fdaca6) Importer(815301076,1909f56bfc062723c751e8b465ee728b)
Start importing Assets/Level design/Rooms/Simple/small pipe.asset using Guid(26928a96ac7e2114cac6773c64fdaca6) Importer(815301076,1909f56bfc062723c751e8b465ee728b)  -> (artifact id: '27a4a023e765c64393f8d814029cf142') in 0.005611 seconds 
AssetImportWorkerClient::OnTransportError - code=2 error=End of file
