Using pre-set license
Built from '2021.1/staging' branch; Version is '2021.1.3f1 (4bef613afd59) revision 4976481'; Using compiler version '192528614'; Build Type 'Release'
OS: 'Windows 10 Home; OS build 19042.867; Version 2009; 64bit' Language: 'en' Physical Memory: 8143 MB
BatchMode: 1, IsHumanControllingUs: 0, StartBugReporterOnCrash: 0, Is64bit: 1, IsPro: 0

 COMMAND LINE ARGUMENTS:
C:\Program Files\Unity\Hub\Editor\2021.1.3f1\Editor\Unity.exe
-adb2
-batchMode
-noUpm
-name
AssetImportWorker2
-projectPath
C:/Users/Dominik/Documents/bullethell-jam
-logFile
Logs/AssetImportWorker2.log
-srvPort
28458
Successfully changed project path to: C:/Users/Dominik/Documents/bullethell-jam
C:/Users/Dominik/Documents/bullethell-jam
Using Asset Import Pipeline V2.
Refreshing native plugins compatible for Editor in 55.91 ms, found 1 plugins.
Preloading 0 native plugins for Editor in 0.00 ms.
Initialize engine version: 2021.1.3f1 (4bef613afd59)
[Subsystems] Discovering subsystems at path C:/Program Files/Unity/Hub/Editor/2021.1.3f1/Editor/Data/Resources/UnitySubsystems
[Subsystems] Discovering subsystems at path C:/Users/Dominik/Documents/bullethell-jam/Assets
GfxDevice: creating device client; threaded=0; jobified=0
Direct3D:
    Version:  Direct3D 11.0 [level 11.1]
    Renderer: Radeon RX 560 Series (ID=0x67ff)
    Vendor:   ATI
    VRAM:     4075 MB
    Driver:   27.20.14501.28009
Initialize mono
Mono path[0] = 'C:/Program Files/Unity/Hub/Editor/2021.1.3f1/Editor/Data/Managed'
Mono path[1] = 'C:/Program Files/Unity/Hub/Editor/2021.1.3f1/Editor/Data/MonoBleedingEdge/lib/mono/unityjit'
Mono config path = 'C:/Program Files/Unity/Hub/Editor/2021.1.3f1/Editor/Data/MonoBleedingEdge/etc'
Using monoOptions --debugger-agent=transport=dt_socket,embedding=1,server=y,suspend=n,address=127.0.0.1:56216
Begin MonoManager ReloadAssembly
Registering precompiled unity dll's ...
Register platform support module: C:/Program Files/Unity/Hub/Editor/2021.1.3f1/Editor/Data/PlaybackEngines/WindowsStandaloneSupport/UnityEditor.WindowsStandalone.Extensions.dll
Registered in 0.001636 seconds.
Native extension for WindowsStandalone target not found
Refreshing native plugins compatible for Editor in 66.13 ms, found 1 plugins.
Preloading 0 native plugins for Editor in 0.00 ms.
Mono: successfully reloaded assembly
- Completed reload, in  3.503 seconds
Platform modules already initialized, skipping
Registering precompiled user dll's ...
Registered in 0.001057 seconds.
Begin MonoManager ReloadAssembly
Native extension for WindowsStandalone target not found
Refreshing native plugins compatible for Editor in 50.14 ms, found 1 plugins.
Preloading 0 native plugins for Editor in 0.00 ms.
Mono: successfully reloaded assembly
- Completed reload, in  1.845 seconds
Platform modules already initialized, skipping
========================================================================
Worker process is ready to serve import requests
Launched and connected shader compiler UnityShaderCompiler.exe after 0.05 seconds
Refreshing native plugins compatible for Editor in 0.36 ms, found 1 plugins.
Preloading 0 native plugins for Editor in 0.00 ms.
Unloading 1846 Unused Serialized files (Serialized files now loaded: 0)
System memory in use before: 87.2 MB.
System memory in use after: 87.3 MB.

Unloading 19 unused Assets to reduce memory usage. Loaded Objects now: 2309.
Total: 4.390900 ms (FindLiveObjects: 0.505300 ms CreateObjectMapping: 0.722100 ms MarkObjects: 3.068500 ms  DeleteObjects: 0.092400 ms)

========================================================================
Received Import Request.
  path: Assets/Scripts/Dungeon generation/EntityDatabase.cs
  artifactKey: Guid(6139dd17775399b49b7bdd97a49d52f0) Importer(815301076,1909f56bfc062723c751e8b465ee728b)
Start importing Assets/Scripts/Dungeon generation/EntityDatabase.cs using Guid(6139dd17775399b49b7bdd97a49d52f0) Importer(815301076,1909f56bfc062723c751e8b465ee728b)  -> (artifact id: 'd52956cd9e080ae9a1ecf9fad1179113') in 0.031818 seconds 
========================================================================
Received Prepare
Registering precompiled user dll's ...
Registered in 0.002115 seconds.
Begin MonoManager ReloadAssembly
Native extension for WindowsStandalone target not found
Refreshing native plugins compatible for Editor in 0.41 ms, found 1 plugins.
Preloading 0 native plugins for Editor in 0.00 ms.
Mono: successfully reloaded assembly
- Completed reload, in  1.240 seconds
Platform modules already initialized, skipping
Refreshing native plugins compatible for Editor in 0.48 ms, found 1 plugins.
Preloading 0 native plugins for Editor in 0.00 ms.
Unloading 1836 Unused Serialized files (Serialized files now loaded: 0)
System memory in use before: 86.7 MB.
System memory in use after: 86.8 MB.

Unloading 7 unused Assets to reduce memory usage. Loaded Objects now: 2313.
Total: 3.311700 ms (FindLiveObjects: 0.449200 ms CreateObjectMapping: 0.093000 ms MarkObjects: 2.744800 ms  DeleteObjects: 0.023200 ms)

========================================================================
Received Import Request.
  Time since last request: 392.886392 seconds.
  path: Assets/Scripts/Dungeon generation/EntityDatabase.cs
  artifactKey: Guid(6139dd17775399b49b7bdd97a49d52f0) Importer(815301076,1909f56bfc062723c751e8b465ee728b)
Start importing Assets/Scripts/Dungeon generation/EntityDatabase.cs using Guid(6139dd17775399b49b7bdd97a49d52f0) Importer(815301076,1909f56bfc062723c751e8b465ee728b)  -> (artifact id: '8cfdf44b1f92e69770a7c214e6b1ce48') in 0.005981 seconds 
========================================================================
Received Import Request.
  Time since last request: 44.268012 seconds.
  path: Assets/Scripts/Player
  artifactKey: Guid(000525e32dd1c4b438192f9d5188ad8a) Importer(815301076,1909f56bfc062723c751e8b465ee728b)
Start importing Assets/Scripts/Player using Guid(000525e32dd1c4b438192f9d5188ad8a) Importer(815301076,1909f56bfc062723c751e8b465ee728b)  -> (artifact id: '0a1a25ca3d49354f1a9707835e52a3da') in 0.004097 seconds 
========================================================================
Received Import Request.
  Time since last request: 9.698870 seconds.
  path: Assets/Scripts/Player/PlayerMOvement.cs
  artifactKey: Guid(dbb93d7318a202843948de10f4cf779f) Importer(815301076,1909f56bfc062723c751e8b465ee728b)
Start importing Assets/Scripts/Player/PlayerMOvement.cs using Guid(dbb93d7318a202843948de10f4cf779f) Importer(815301076,1909f56bfc062723c751e8b465ee728b)  -> (artifact id: 'a74593b6e4a0200fec586cd26f71a2c6') in 0.004281 seconds 
========================================================================
Received Prepare
Registering precompiled user dll's ...
Registered in 0.001015 seconds.
Begin MonoManager ReloadAssembly
Native extension for WindowsStandalone target not found
Refreshing native plugins compatible for Editor in 7.88 ms, found 1 plugins.
Preloading 0 native plugins for Editor in 0.00 ms.
Mono: successfully reloaded assembly
- Completed reload, in  6.073 seconds
Platform modules already initialized, skipping
Refreshing native plugins compatible for Editor in 0.97 ms, found 1 plugins.
Preloading 0 native plugins for Editor in 0.00 ms.
Unloading 1837 Unused Serialized files (Serialized files now loaded: 0)
System memory in use before: 86.7 MB.
System memory in use after: 86.9 MB.

Unloading 7 unused Assets to reduce memory usage. Loaded Objects now: 2318.
Total: 4.295100 ms (FindLiveObjects: 0.376500 ms CreateObjectMapping: 0.121500 ms MarkObjects: 3.772700 ms  DeleteObjects: 0.022400 ms)

========================================================================
Received Import Request.
  Time since last request: 19.278337 seconds.
  path: Assets/Scripts/Player/PlayerMovement.cs
  artifactKey: Guid(dbb93d7318a202843948de10f4cf779f) Importer(815301076,1909f56bfc062723c751e8b465ee728b)
Start importing Assets/Scripts/Player/PlayerMovement.cs using Guid(dbb93d7318a202843948de10f4cf779f) Importer(815301076,1909f56bfc062723c751e8b465ee728b)  -> (artifact id: '232cdeb50f3e32c483668f41c75fdb31') in 0.008719 seconds 
========================================================================
Received Prepare
Registering precompiled user dll's ...
Registered in 0.002933 seconds.
Begin MonoManager ReloadAssembly
Native extension for WindowsStandalone target not found
Refreshing native plugins compatible for Editor in 0.54 ms, found 1 plugins.
Preloading 0 native plugins for Editor in 0.00 ms.
Mono: successfully reloaded assembly
- Completed reload, in  1.471 seconds
Platform modules already initialized, skipping
Refreshing native plugins compatible for Editor in 0.40 ms, found 1 plugins.
Preloading 0 native plugins for Editor in 0.00 ms.
Unloading 1837 Unused Serialized files (Serialized files now loaded: 0)
System memory in use before: 86.8 MB.
System memory in use after: 86.9 MB.

Unloading 7 unused Assets to reduce memory usage. Loaded Objects now: 2322.
Total: 2.956100 ms (FindLiveObjects: 0.228100 ms CreateObjectMapping: 0.049300 ms MarkObjects: 2.656400 ms  DeleteObjects: 0.020300 ms)

========================================================================
Received Prepare
Registering precompiled user dll's ...
Registered in 0.001259 seconds.
Begin MonoManager ReloadAssembly
Native extension for WindowsStandalone target not found
Refreshing native plugins compatible for Editor in 0.46 ms, found 1 plugins.
Preloading 0 native plugins for Editor in 0.00 ms.
Mono: successfully reloaded assembly
- Completed reload, in  1.682 seconds
Platform modules already initialized, skipping
Refreshing native plugins compatible for Editor in 0.67 ms, found 1 plugins.
Preloading 0 native plugins for Editor in 0.00 ms.
Unloading 1837 Unused Serialized files (Serialized files now loaded: 0)
System memory in use before: 86.8 MB.
System memory in use after: 86.9 MB.

Unloading 7 unused Assets to reduce memory usage. Loaded Objects now: 2326.
Total: 3.397400 ms (FindLiveObjects: 0.188400 ms CreateObjectMapping: 0.044800 ms MarkObjects: 3.047500 ms  DeleteObjects: 0.114700 ms)

========================================================================
Received Import Request.
  Time since last request: 481.043071 seconds.
  path: Assets/Scripts/Player/PlayerMovement.cs
  artifactKey: Guid(dbb93d7318a202843948de10f4cf779f) Importer(815301076,1909f56bfc062723c751e8b465ee728b)
Start importing Assets/Scripts/Player/PlayerMovement.cs using Guid(dbb93d7318a202843948de10f4cf779f) Importer(815301076,1909f56bfc062723c751e8b465ee728b)  -> (artifact id: '70699dcd3a69de0f837dc7861777b6bf') in 0.006226 seconds 
========================================================================
Received Prepare
Registering precompiled user dll's ...
Registered in 0.002271 seconds.
Begin MonoManager ReloadAssembly
Native extension for WindowsStandalone target not found
Refreshing native plugins compatible for Editor in 0.67 ms, found 1 plugins.
Preloading 0 native plugins for Editor in 0.00 ms.
Mono: successfully reloaded assembly
- Completed reload, in  1.827 seconds
Platform modules already initialized, skipping
Refreshing native plugins compatible for Editor in 0.63 ms, found 1 plugins.
Preloading 0 native plugins for Editor in 0.00 ms.
Unloading 1837 Unused Serialized files (Serialized files now loaded: 0)
System memory in use before: 86.8 MB.
System memory in use after: 86.9 MB.

Unloading 7 unused Assets to reduce memory usage. Loaded Objects now: 2330.
Total: 3.059000 ms (FindLiveObjects: 0.274100 ms CreateObjectMapping: 0.075600 ms MarkObjects: 2.671100 ms  DeleteObjects: 0.035900 ms)

========================================================================
Received Prepare
Registering precompiled user dll's ...
Registered in 0.000932 seconds.
Begin MonoManager ReloadAssembly
Native extension for WindowsStandalone target not found
Refreshing native plugins compatible for Editor in 0.48 ms, found 1 plugins.
Preloading 0 native plugins for Editor in 0.00 ms.
Mono: successfully reloaded assembly
- Completed reload, in  1.717 seconds
Platform modules already initialized, skipping
Refreshing native plugins compatible for Editor in 1.32 ms, found 1 plugins.
Preloading 0 native plugins for Editor in 0.00 ms.
Unloading 1837 Unused Serialized files (Serialized files now loaded: 0)
System memory in use before: 86.8 MB.
System memory in use after: 86.9 MB.

Unloading 7 unused Assets to reduce memory usage. Loaded Objects now: 2334.
Total: 5.523300 ms (FindLiveObjects: 0.395700 ms CreateObjectMapping: 0.095400 ms MarkObjects: 4.949700 ms  DeleteObjects: 0.079400 ms)

========================================================================
Received Prepare
Registering precompiled user dll's ...
Registered in 0.001234 seconds.
Begin MonoManager ReloadAssembly
Native extension for WindowsStandalone target not found
Refreshing native plugins compatible for Editor in 0.83 ms, found 1 plugins.
Preloading 0 native plugins for Editor in 0.00 ms.
Mono: successfully reloaded assembly
- Completed reload, in  1.427 seconds
Platform modules already initialized, skipping
Refreshing native plugins compatible for Editor in 0.61 ms, found 1 plugins.
Preloading 0 native plugins for Editor in 0.00 ms.
Unloading 1837 Unused Serialized files (Serialized files now loaded: 0)
System memory in use before: 86.8 MB.
System memory in use after: 86.9 MB.

Unloading 7 unused Assets to reduce memory usage. Loaded Objects now: 2338.
Total: 3.961800 ms (FindLiveObjects: 0.472400 ms CreateObjectMapping: 0.145000 ms MarkObjects: 3.326200 ms  DeleteObjects: 0.015600 ms)

========================================================================
Received Import Request.
  Time since last request: 249.314528 seconds.
  path: Assets/Sprites/bossTile.png
  artifactKey: Guid(e2dce8b0579b15a499ca59e7f6e9436d) Importer(815301076,1909f56bfc062723c751e8b465ee728b)
Start importing Assets/Sprites/bossTile.png using Guid(e2dce8b0579b15a499ca59e7f6e9436d) Importer(815301076,1909f56bfc062723c751e8b465ee728b)  -> (artifact id: 'c5af34a2ca28f1345d6cdf4479e5e1c4') in 0.162593 seconds 
========================================================================
Received Import Request.
  Time since last request: 0.000260 seconds.
  path: Assets/Sprites/startTile.png
  artifactKey: Guid(cb27a31c40ee62c4db7907e85ddf7c0a) Importer(815301076,1909f56bfc062723c751e8b465ee728b)
Start importing Assets/Sprites/startTile.png using Guid(cb27a31c40ee62c4db7907e85ddf7c0a) Importer(815301076,1909f56bfc062723c751e8b465ee728b)  -> (artifact id: 'fa94355262cceec800ac2bb750829e59') in 0.016528 seconds 
========================================================================
Received Import Request.
  Time since last request: 0.000251 seconds.
  path: Assets/Sprites/roomTile.png
  artifactKey: Guid(5df2f12ac0688f141934340b2a2a0ca4) Importer(815301076,1909f56bfc062723c751e8b465ee728b)
Start importing Assets/Sprites/roomTile.png using Guid(5df2f12ac0688f141934340b2a2a0ca4) Importer(815301076,1909f56bfc062723c751e8b465ee728b)  -> (artifact id: '97b663303d3b379af462daa0ef05c743') in 0.019834 seconds 
========================================================================
Received Import Request.
  Time since last request: 0.000488 seconds.
  path: Assets/Sprites/smaple.png
  artifactKey: Guid(39e3dfad49852184e99c65dbf20c269a) Importer(815301076,1909f56bfc062723c751e8b465ee728b)
Start importing Assets/Sprites/smaple.png using Guid(39e3dfad49852184e99c65dbf20c269a) Importer(815301076,1909f56bfc062723c751e8b465ee728b)  -> (artifact id: '13ecac1414b9fdfe05970cf29142f317') in 0.019353 seconds 
========================================================================
Received Import Request.
  Time since last request: 0.000281 seconds.
  path: Assets/Sprites/lootTile.png
  artifactKey: Guid(a575b92501bcad34bbb395e425e34ef6) Importer(815301076,1909f56bfc062723c751e8b465ee728b)
Start importing Assets/Sprites/lootTile.png using Guid(a575b92501bcad34bbb395e425e34ef6) Importer(815301076,1909f56bfc062723c751e8b465ee728b)  -> (artifact id: '67cfd340948fb9c0452b747c5363ca79') in 0.014257 seconds 
========================================================================
Received Prepare
Registering precompiled user dll's ...
Registered in 0.001276 seconds.
Begin MonoManager ReloadAssembly
Native extension for WindowsStandalone target not found
Refreshing native plugins compatible for Editor in 0.41 ms, found 1 plugins.
Preloading 0 native plugins for Editor in 0.00 ms.
Mono: successfully reloaded assembly
- Completed reload, in  1.975 seconds
Platform modules already initialized, skipping
Refreshing native plugins compatible for Editor in 0.41 ms, found 1 plugins.
Preloading 0 native plugins for Editor in 0.00 ms.
Unloading 1842 Unused Serialized files (Serialized files now loaded: 0)
System memory in use before: 92.8 MB.
System memory in use after: 92.9 MB.

Unloading 7 unused Assets to reduce memory usage. Loaded Objects now: 2423.
Total: 13.273400 ms (FindLiveObjects: 0.457400 ms CreateObjectMapping: 0.057300 ms MarkObjects: 12.733500 ms  DeleteObjects: 0.023200 ms)

========================================================================
Received Prepare
Registering precompiled user dll's ...
Registered in 0.001863 seconds.
Begin MonoManager ReloadAssembly
Native extension for WindowsStandalone target not found
Refreshing native plugins compatible for Editor in 0.39 ms, found 1 plugins.
Preloading 0 native plugins for Editor in 0.00 ms.
Mono: successfully reloaded assembly
- Completed reload, in  1.349 seconds
Platform modules already initialized, skipping
Refreshing native plugins compatible for Editor in 0.37 ms, found 1 plugins.
Preloading 0 native plugins for Editor in 0.00 ms.
Unloading 1837 Unused Serialized files (Serialized files now loaded: 0)
System memory in use before: 92.6 MB.
System memory in use after: 92.7 MB.

Unloading 7 unused Assets to reduce memory usage. Loaded Objects now: 2427.
Total: 2.599800 ms (FindLiveObjects: 0.292700 ms CreateObjectMapping: 0.067300 ms MarkObjects: 2.219500 ms  DeleteObjects: 0.018700 ms)

========================================================================
Received Prepare
Registering precompiled user dll's ...
Registered in 0.012074 seconds.
Begin MonoManager ReloadAssembly
Native extension for WindowsStandalone target not found
Refreshing native plugins compatible for Editor in 0.42 ms, found 1 plugins.
Preloading 0 native plugins for Editor in 0.00 ms.
Mono: successfully reloaded assembly
- Completed reload, in  1.325 seconds
Platform modules already initialized, skipping
Refreshing native plugins compatible for Editor in 0.68 ms, found 1 plugins.
Preloading 0 native plugins for Editor in 0.00 ms.
Unloading 1837 Unused Serialized files (Serialized files now loaded: 0)
System memory in use before: 92.6 MB.
System memory in use after: 92.7 MB.

Unloading 7 unused Assets to reduce memory usage. Loaded Objects now: 2431.
Total: 2.627600 ms (FindLiveObjects: 0.231100 ms CreateObjectMapping: 0.048000 ms MarkObjects: 2.327900 ms  DeleteObjects: 0.019100 ms)

========================================================================
Received Prepare
Registering precompiled user dll's ...
Registered in 0.000962 seconds.
Begin MonoManager ReloadAssembly
Native extension for WindowsStandalone target not found
Refreshing native plugins compatible for Editor in 0.47 ms, found 1 plugins.
Preloading 0 native plugins for Editor in 0.00 ms.
Mono: successfully reloaded assembly
- Completed reload, in  1.145 seconds
Platform modules already initialized, skipping
Refreshing native plugins compatible for Editor in 0.40 ms, found 1 plugins.
Preloading 0 native plugins for Editor in 0.00 ms.
Unloading 1837 Unused Serialized files (Serialized files now loaded: 0)
System memory in use before: 92.6 MB.
System memory in use after: 92.7 MB.

Unloading 7 unused Assets to reduce memory usage. Loaded Objects now: 2435.
Total: 4.425600 ms (FindLiveObjects: 0.312000 ms CreateObjectMapping: 0.103800 ms MarkObjects: 3.979700 ms  DeleteObjects: 0.027600 ms)

========================================================================
Received Prepare
Registering precompiled user dll's ...
Registered in 0.000926 seconds.
Begin MonoManager ReloadAssembly
Native extension for WindowsStandalone target not found
Refreshing native plugins compatible for Editor in 0.38 ms, found 1 plugins.
Preloading 0 native plugins for Editor in 0.00 ms.
Mono: successfully reloaded assembly
- Completed reload, in  1.221 seconds
Platform modules already initialized, skipping
Refreshing native plugins compatible for Editor in 0.42 ms, found 1 plugins.
Preloading 0 native plugins for Editor in 0.00 ms.
Unloading 1837 Unused Serialized files (Serialized files now loaded: 0)
System memory in use before: 92.6 MB.
System memory in use after: 92.7 MB.

Unloading 7 unused Assets to reduce memory usage. Loaded Objects now: 2439.
Total: 2.874400 ms (FindLiveObjects: 0.264900 ms CreateObjectMapping: 0.048200 ms MarkObjects: 2.541600 ms  DeleteObjects: 0.017500 ms)

========================================================================
Received Import Request.
  Time since last request: 294.983200 seconds.
  path: Assets/Scripts/Player/PlayerStats.cs
  artifactKey: Guid(5ebc1cdd408d749489fbe01c369ac247) Importer(815301076,1909f56bfc062723c751e8b465ee728b)
Start importing Assets/Scripts/Player/PlayerStats.cs using Guid(5ebc1cdd408d749489fbe01c369ac247) Importer(815301076,1909f56bfc062723c751e8b465ee728b)  -> (artifact id: '86f60203011f86396adaae829c867cb8') in 0.008795 seconds 
========================================================================
Received Prepare
Registering precompiled user dll's ...
Registered in 0.001566 seconds.
Begin MonoManager ReloadAssembly
Native extension for WindowsStandalone target not found
Refreshing native plugins compatible for Editor in 0.55 ms, found 1 plugins.
Preloading 0 native plugins for Editor in 0.00 ms.
Mono: successfully reloaded assembly
- Completed reload, in  3.134 seconds
Platform modules already initialized, skipping
Refreshing native plugins compatible for Editor in 1.23 ms, found 1 plugins.
Preloading 0 native plugins for Editor in 0.00 ms.
Unloading 1838 Unused Serialized files (Serialized files now loaded: 0)
System memory in use before: 92.6 MB.
System memory in use after: 92.7 MB.

Unloading 7 unused Assets to reduce memory usage. Loaded Objects now: 2444.
Total: 3.742700 ms (FindLiveObjects: 0.318100 ms CreateObjectMapping: 0.053000 ms MarkObjects: 3.349500 ms  DeleteObjects: 0.019700 ms)

========================================================================
Received Prepare
Registering precompiled user dll's ...
Registered in 0.001000 seconds.
Begin MonoManager ReloadAssembly
Native extension for WindowsStandalone target not found
Refreshing native plugins compatible for Editor in 0.59 ms, found 1 plugins.
Preloading 0 native plugins for Editor in 0.00 ms.
Mono: successfully reloaded assembly
- Completed reload, in  2.502 seconds
Platform modules already initialized, skipping
Refreshing native plugins compatible for Editor in 3.02 ms, found 1 plugins.
Preloading 0 native plugins for Editor in 0.00 ms.
Unloading 1839 Unused Serialized files (Serialized files now loaded: 0)
System memory in use before: 92.7 MB.
System memory in use after: 92.8 MB.

Unloading 7 unused Assets to reduce memory usage. Loaded Objects now: 2449.
Total: 4.074200 ms (FindLiveObjects: 0.358100 ms CreateObjectMapping: 0.129700 ms MarkObjects: 3.548600 ms  DeleteObjects: 0.035000 ms)

========================================================================
Received Prepare
Registering precompiled user dll's ...
Registered in 0.001499 seconds.
Begin MonoManager ReloadAssembly
Native extension for WindowsStandalone target not found
Refreshing native plugins compatible for Editor in 0.65 ms, found 1 plugins.
Preloading 0 native plugins for Editor in 0.00 ms.
Mono: successfully reloaded assembly
- Completed reload, in  1.526 seconds
Platform modules already initialized, skipping
Refreshing native plugins compatible for Editor in 0.74 ms, found 1 plugins.
Preloading 0 native plugins for Editor in 0.00 ms.
Unloading 1839 Unused Serialized files (Serialized files now loaded: 0)
System memory in use before: 92.7 MB.
System memory in use after: 92.8 MB.

Unloading 7 unused Assets to reduce memory usage. Loaded Objects now: 2453.
Total: 3.961300 ms (FindLiveObjects: 0.495600 ms CreateObjectMapping: 0.130700 ms MarkObjects: 3.312600 ms  DeleteObjects: 0.020300 ms)

========================================================================
Received Import Request.
  Time since last request: 282.872563 seconds.
  path: Assets/Scripts/Player/PlayerStats.cs
  artifactKey: Guid(5ebc1cdd408d749489fbe01c369ac247) Importer(815301076,1909f56bfc062723c751e8b465ee728b)
Start importing Assets/Scripts/Player/PlayerStats.cs using Guid(5ebc1cdd408d749489fbe01c369ac247) Importer(815301076,1909f56bfc062723c751e8b465ee728b)  -> (artifact id: '7ef68ebd038089a02e185580c6df29df') in 0.009015 seconds 
========================================================================
Received Import Request.
  Time since last request: 12.512566 seconds.
  path: Assets/Scripts/Player/PlayerInventory.cs
  artifactKey: Guid(ccd79b1a2242534488ef5e816464bf53) Importer(815301076,1909f56bfc062723c751e8b465ee728b)
Start importing Assets/Scripts/Player/PlayerInventory.cs using Guid(ccd79b1a2242534488ef5e816464bf53) Importer(815301076,1909f56bfc062723c751e8b465ee728b)  -> (artifact id: '2f681d8a999d5461128e050734282cb0') in 0.008979 seconds 
========================================================================
Received Prepare
Registering precompiled user dll's ...
Registered in 0.000964 seconds.
Begin MonoManager ReloadAssembly
Native extension for WindowsStandalone target not found
Refreshing native plugins compatible for Editor in 0.73 ms, found 1 plugins.
Preloading 0 native plugins for Editor in 0.00 ms.
Mono: successfully reloaded assembly
- Completed reload, in  2.590 seconds
Platform modules already initialized, skipping
Refreshing native plugins compatible for Editor in 0.79 ms, found 1 plugins.
Preloading 0 native plugins for Editor in 0.00 ms.
Unloading 1840 Unused Serialized files (Serialized files now loaded: 0)
System memory in use before: 92.7 MB.
System memory in use after: 92.8 MB.

Unloading 7 unused Assets to reduce memory usage. Loaded Objects now: 2458.
Total: 3.309300 ms (FindLiveObjects: 0.217300 ms CreateObjectMapping: 0.047200 ms MarkObjects: 3.026400 ms  DeleteObjects: 0.016500 ms)

========================================================================
Received Prepare
Registering precompiled user dll's ...
Registered in 0.000979 seconds.
Begin MonoManager ReloadAssembly
Native extension for WindowsStandalone target not found
Refreshing native plugins compatible for Editor in 0.46 ms, found 1 plugins.
Preloading 0 native plugins for Editor in 0.00 ms.
Mono: successfully reloaded assembly
- Completed reload, in  1.677 seconds
Platform modules already initialized, skipping
Refreshing native plugins compatible for Editor in 0.41 ms, found 1 plugins.
Preloading 0 native plugins for Editor in 0.00 ms.
Unloading 1841 Unused Serialized files (Serialized files now loaded: 0)
System memory in use before: 92.7 MB.
System memory in use after: 92.8 MB.

Unloading 7 unused Assets to reduce memory usage. Loaded Objects now: 2463.
Total: 4.201300 ms (FindLiveObjects: 0.281400 ms CreateObjectMapping: 0.054300 ms MarkObjects: 3.841200 ms  DeleteObjects: 0.022400 ms)

========================================================================
Received Prepare
Registering precompiled user dll's ...
Registered in 0.001256 seconds.
Begin MonoManager ReloadAssembly
Native extension for WindowsStandalone target not found
Refreshing native plugins compatible for Editor in 0.41 ms, found 1 plugins.
Preloading 0 native plugins for Editor in 0.00 ms.
Mono: successfully reloaded assembly
- Completed reload, in  1.459 seconds
Platform modules already initialized, skipping
Refreshing native plugins compatible for Editor in 0.52 ms, found 1 plugins.
Preloading 0 native plugins for Editor in 0.00 ms.
Unloading 1841 Unused Serialized files (Serialized files now loaded: 0)
System memory in use before: 92.8 MB.
System memory in use after: 92.9 MB.

Unloading 7 unused Assets to reduce memory usage. Loaded Objects now: 2467.
Total: 2.882200 ms (FindLiveObjects: 0.199800 ms CreateObjectMapping: 0.046500 ms MarkObjects: 2.589400 ms  DeleteObjects: 0.044700 ms)

========================================================================
Received Import Request.
  Time since last request: 1162.934607 seconds.
  path: Assets/Scripts/Player/PlayerInventory.cs
  artifactKey: Guid(ccd79b1a2242534488ef5e816464bf53) Importer(815301076,1909f56bfc062723c751e8b465ee728b)
Start importing Assets/Scripts/Player/PlayerInventory.cs using Guid(ccd79b1a2242534488ef5e816464bf53) Importer(815301076,1909f56bfc062723c751e8b465ee728b)  -> (artifact id: 'd0f1ead2b3f593b0dbc08047d5985397') in 0.006270 seconds 
========================================================================
Received Prepare
Registering precompiled user dll's ...
Registered in 0.002067 seconds.
Begin MonoManager ReloadAssembly
Native extension for WindowsStandalone target not found
Refreshing native plugins compatible for Editor in 0.53 ms, found 1 plugins.
Preloading 0 native plugins for Editor in 0.00 ms.
Mono: successfully reloaded assembly
- Completed reload, in  2.595 seconds
Platform modules already initialized, skipping
Refreshing native plugins compatible for Editor in 0.45 ms, found 1 plugins.
Preloading 0 native plugins for Editor in 0.00 ms.
Unloading 1841 Unused Serialized files (Serialized files now loaded: 0)
System memory in use before: 92.8 MB.
System memory in use after: 92.9 MB.

Unloading 7 unused Assets to reduce memory usage. Loaded Objects now: 2471.
Total: 7.410600 ms (FindLiveObjects: 1.929200 ms CreateObjectMapping: 0.501700 ms MarkObjects: 4.954600 ms  DeleteObjects: 0.020800 ms)

========================================================================
Received Prepare
Registering precompiled user dll's ...
Registered in 0.001030 seconds.
Begin MonoManager ReloadAssembly
Native extension for WindowsStandalone target not found
Refreshing native plugins compatible for Editor in 0.48 ms, found 1 plugins.
Preloading 0 native plugins for Editor in 0.00 ms.
Mono: successfully reloaded assembly
- Completed reload, in  1.339 seconds
Platform modules already initialized, skipping
Refreshing native plugins compatible for Editor in 0.41 ms, found 1 plugins.
Preloading 0 native plugins for Editor in 0.00 ms.
Unloading 1841 Unused Serialized files (Serialized files now loaded: 0)
System memory in use before: 92.8 MB.
System memory in use after: 92.9 MB.

Unloading 7 unused Assets to reduce memory usage. Loaded Objects now: 2475.
Total: 3.568200 ms (FindLiveObjects: 0.478500 ms CreateObjectMapping: 0.109100 ms MarkObjects: 2.960100 ms  DeleteObjects: 0.018700 ms)

========================================================================
Received Prepare
Registering precompiled user dll's ...
Registered in 0.001081 seconds.
Begin MonoManager ReloadAssembly
Native extension for WindowsStandalone target not found
Refreshing native plugins compatible for Editor in 0.43 ms, found 1 plugins.
Preloading 0 native plugins for Editor in 0.00 ms.
Mono: successfully reloaded assembly
- Completed reload, in  1.232 seconds
Platform modules already initialized, skipping
Refreshing native plugins compatible for Editor in 0.39 ms, found 1 plugins.
Preloading 0 native plugins for Editor in 0.00 ms.
Unloading 1841 Unused Serialized files (Serialized files now loaded: 0)
System memory in use before: 92.8 MB.
System memory in use after: 92.9 MB.

Unloading 7 unused Assets to reduce memory usage. Loaded Objects now: 2479.
Total: 3.158000 ms (FindLiveObjects: 0.335100 ms CreateObjectMapping: 0.058100 ms MarkObjects: 2.742800 ms  DeleteObjects: 0.018400 ms)

========================================================================
Received Prepare
Registering precompiled user dll's ...
Registered in 0.003492 seconds.
Begin MonoManager ReloadAssembly
Native extension for WindowsStandalone target not found
Refreshing native plugins compatible for Editor in 0.42 ms, found 1 plugins.
Preloading 0 native plugins for Editor in 0.00 ms.
Mono: successfully reloaded assembly
- Completed reload, in  2.317 seconds
Platform modules already initialized, skipping
Refreshing native plugins compatible for Editor in 0.40 ms, found 1 plugins.
Preloading 0 native plugins for Editor in 0.00 ms.
Unloading 1842 Unused Serialized files (Serialized files now loaded: 0)
System memory in use before: 92.8 MB.
System memory in use after: 92.9 MB.

Unloading 7 unused Assets to reduce memory usage. Loaded Objects now: 2484.
Total: 4.337200 ms (FindLiveObjects: 0.385300 ms CreateObjectMapping: 0.074400 ms MarkObjects: 3.852500 ms  DeleteObjects: 0.023500 ms)

========================================================================
Received Prepare
Registering precompiled user dll's ...
Registered in 0.001226 seconds.
Begin MonoManager ReloadAssembly
Native extension for WindowsStandalone target not found
Refreshing native plugins compatible for Editor in 1.31 ms, found 1 plugins.
Preloading 0 native plugins for Editor in 0.00 ms.
Mono: successfully reloaded assembly
- Completed reload, in  3.903 seconds
Platform modules already initialized, skipping
Refreshing native plugins compatible for Editor in 1.43 ms, found 1 plugins.
Preloading 0 native plugins for Editor in 0.00 ms.
Unloading 1843 Unused Serialized files (Serialized files now loaded: 0)
System memory in use before: 92.8 MB.
System memory in use after: 93.0 MB.

Unloading 7 unused Assets to reduce memory usage. Loaded Objects now: 2489.
Total: 6.629100 ms (FindLiveObjects: 0.554500 ms CreateObjectMapping: 0.113400 ms MarkObjects: 5.937000 ms  DeleteObjects: 0.021700 ms)

========================================================================
Received Prepare
Registering precompiled user dll's ...
Registered in 0.001296 seconds.
Begin MonoManager ReloadAssembly
Native extension for WindowsStandalone target not found
Refreshing native plugins compatible for Editor in 0.43 ms, found 1 plugins.
Preloading 0 native plugins for Editor in 0.00 ms.
Mono: successfully reloaded assembly
- Completed reload, in  1.755 seconds
Platform modules already initialized, skipping
Refreshing native plugins compatible for Editor in 0.41 ms, found 1 plugins.
Preloading 0 native plugins for Editor in 0.00 ms.
Unloading 1843 Unused Serialized files (Serialized files now loaded: 0)
System memory in use before: 92.9 MB.
System memory in use after: 93.0 MB.

Unloading 7 unused Assets to reduce memory usage. Loaded Objects now: 2493.
Total: 2.484500 ms (FindLiveObjects: 0.204400 ms CreateObjectMapping: 0.047400 ms MarkObjects: 2.213100 ms  DeleteObjects: 0.018200 ms)

========================================================================
Received Import Request.
  Time since last request: 2017.733214 seconds.
  path: Assets/Scripts/ItemSystem
  artifactKey: Guid(fdabdd88c535408fb5bd728ae9d498a2) Importer(815301076,1909f56bfc062723c751e8b465ee728b)
Start importing Assets/Scripts/ItemSystem using Guid(fdabdd88c535408fb5bd728ae9d498a2) Importer(815301076,1909f56bfc062723c751e8b465ee728b)  -> (artifact id: 'b1c99cb13bcf3e63ea20ce19b471fc55') in 0.016142 seconds 
========================================================================
Received Import Request.
  Time since last request: 6.704632 seconds.
  path: Assets/Scripts/ItemSystem/ItemDatabase.cs
  artifactKey: Guid(9c127140a10cdba418ef8f5c74b5cf19) Importer(815301076,1909f56bfc062723c751e8b465ee728b)
Start importing Assets/Scripts/ItemSystem/ItemDatabase.cs using Guid(9c127140a10cdba418ef8f5c74b5cf19) Importer(815301076,1909f56bfc062723c751e8b465ee728b)  -> (artifact id: '42d3dff708eb620aa25aaff990cc7e6e') in 0.009473 seconds 
========================================================================
Received Prepare
Registering precompiled user dll's ...
Registered in 0.011357 seconds.
Begin MonoManager ReloadAssembly
Native extension for WindowsStandalone target not found
Refreshing native plugins compatible for Editor in 8.26 ms, found 1 plugins.
Preloading 0 native plugins for Editor in 0.00 ms.
Mono: successfully reloaded assembly
- Completed reload, in  6.967 seconds
Platform modules already initialized, skipping
Refreshing native plugins compatible for Editor in 0.42 ms, found 1 plugins.
Preloading 0 native plugins for Editor in 0.00 ms.
Unloading 1844 Unused Serialized files (Serialized files now loaded: 0)
System memory in use before: 92.9 MB.
System memory in use after: 93.0 MB.

Unloading 7 unused Assets to reduce memory usage. Loaded Objects now: 2498.
Total: 8.527200 ms (FindLiveObjects: 0.558100 ms CreateObjectMapping: 0.148000 ms MarkObjects: 7.767900 ms  DeleteObjects: 0.047600 ms)

========================================================================
Received Prepare
Registering precompiled user dll's ...
Registered in 0.001092 seconds.
Begin MonoManager ReloadAssembly
Native extension for WindowsStandalone target not found
Refreshing native plugins compatible for Editor in 0.43 ms, found 1 plugins.
Preloading 0 native plugins for Editor in 0.00 ms.
Mono: successfully reloaded assembly
- Completed reload, in  1.774 seconds
Platform modules already initialized, skipping
Refreshing native plugins compatible for Editor in 0.41 ms, found 1 plugins.
Preloading 0 native plugins for Editor in 0.00 ms.
Unloading 1844 Unused Serialized files (Serialized files now loaded: 0)
System memory in use before: 92.9 MB.
System memory in use after: 93.0 MB.

Unloading 7 unused Assets to reduce memory usage. Loaded Objects now: 2502.
Total: 2.460700 ms (FindLiveObjects: 0.221200 ms CreateObjectMapping: 0.049000 ms MarkObjects: 2.171700 ms  DeleteObjects: 0.016900 ms)

========================================================================
Received Import Request.
  Time since last request: 141.773982 seconds.
  path: Assets/Scripts/ItemSystem/ItemDatabase.cs
  artifactKey: Guid(9c127140a10cdba418ef8f5c74b5cf19) Importer(815301076,1909f56bfc062723c751e8b465ee728b)
Start importing Assets/Scripts/ItemSystem/ItemDatabase.cs using Guid(9c127140a10cdba418ef8f5c74b5cf19) Importer(815301076,1909f56bfc062723c751e8b465ee728b)  -> (artifact id: '86a1177e681cdfe5d6bcdf9631be74db') in 0.006122 seconds 
========================================================================
Received Import Request.
  Time since last request: 37.479907 seconds.
  path: Assets/Items
  artifactKey: Guid(c6c428e7a6d28be49a3edd2188236878) Importer(815301076,1909f56bfc062723c751e8b465ee728b)
Start importing Assets/Items using Guid(c6c428e7a6d28be49a3edd2188236878) Importer(815301076,1909f56bfc062723c751e8b465ee728b)  -> (artifact id: '9f1119ce0f1979396e0abb5a2e5f9671') in 0.012966 seconds 
========================================================================
Received Import Request.
  Time since last request: 16.239064 seconds.
  path: Assets/Items/DMG_UP.asset
  artifactKey: Guid(f5573a5f7c0c14c48bf0634b12bb6921) Importer(815301076,1909f56bfc062723c751e8b465ee728b)
Start importing Assets/Items/DMG_UP.asset using Guid(f5573a5f7c0c14c48bf0634b12bb6921) Importer(815301076,1909f56bfc062723c751e8b465ee728b)  -> (artifact id: '637b108a11e33ef6394ba01a486b6485') in 0.033138 seconds 
========================================================================
Received Import Request.
  Time since last request: 58.749944 seconds.
  path: Assets/Prefabs
  artifactKey: Guid(0503097679d36f4479bedfb45851966e) Importer(815301076,1909f56bfc062723c751e8b465ee728b)
Start importing Assets/Prefabs using Guid(0503097679d36f4479bedfb45851966e) Importer(815301076,1909f56bfc062723c751e8b465ee728b)  -> (artifact id: '0ceec71a30635c5eb3674dc6a09ecbf7') in 0.006648 seconds 
========================================================================
Received Import Request.
  Time since last request: 4.812505 seconds.
  path: Assets/Prefabs/Entities
  artifactKey: Guid(8b40c03e4c251d740abe750eb4ddb67e) Importer(815301076,1909f56bfc062723c751e8b465ee728b)
Start importing Assets/Prefabs/Entities using Guid(8b40c03e4c251d740abe750eb4ddb67e) Importer(815301076,1909f56bfc062723c751e8b465ee728b)  -> (artifact id: 'e0221149c98ee47770b401d5ec1537de') in 0.005341 seconds 
========================================================================
Received Import Request.
  Time since last request: 2.790675 seconds.
  path: Assets/Prefabs/Entities/ItemPedestal.prefab
  artifactKey: Guid(e2bbc955ef9938e4cb61652eb8c0300e) Importer(815301076,1909f56bfc062723c751e8b465ee728b)
Start importing Assets/Prefabs/Entities/ItemPedestal.prefab using Guid(e2bbc955ef9938e4cb61652eb8c0300e) Importer(815301076,1909f56bfc062723c751e8b465ee728b)  -> (artifact id: '0b472b30c95d3f9bd767164aad556f4f') in 0.042778 seconds 
========================================================================
Received Import Request.
  Time since last request: 7.530996 seconds.
  path: Assets/Prefabs/Entities/ItemPedestal.prefab
  artifactKey: Guid(e2bbc955ef9938e4cb61652eb8c0300e) Importer(815301076,1909f56bfc062723c751e8b465ee728b)
Start importing Assets/Prefabs/Entities/ItemPedestal.prefab using Guid(e2bbc955ef9938e4cb61652eb8c0300e) Importer(815301076,1909f56bfc062723c751e8b465ee728b)  -> (artifact id: 'acc4a49b1f4fdeb78f94ea685a1cfecf') in 0.015701 seconds 
========================================================================
Received Prepare
Registering precompiled user dll's ...
Registered in 0.001388 seconds.
Begin MonoManager ReloadAssembly
Native extension for WindowsStandalone target not found
Refreshing native plugins compatible for Editor in 0.47 ms, found 1 plugins.
Preloading 0 native plugins for Editor in 0.00 ms.
Mono: successfully reloaded assembly
- Completed reload, in  1.802 seconds
Platform modules already initialized, skipping
Refreshing native plugins compatible for Editor in 0.41 ms, found 1 plugins.
Preloading 0 native plugins for Editor in 0.00 ms.
Unloading 1844 Unused Serialized files (Serialized files now loaded: 0)
System memory in use before: 92.9 MB.
System memory in use after: 93.0 MB.

Unloading 7 unused Assets to reduce memory usage. Loaded Objects now: 2506.
Total: 5.450200 ms (FindLiveObjects: 0.245400 ms CreateObjectMapping: 0.048700 ms MarkObjects: 5.124000 ms  DeleteObjects: 0.029500 ms)

========================================================================
Received Prepare
Registering precompiled user dll's ...
Registered in 0.001929 seconds.
Begin MonoManager ReloadAssembly
Native extension for WindowsStandalone target not found
Refreshing native plugins compatible for Editor in 1.40 ms, found 1 plugins.
Preloading 0 native plugins for Editor in 0.00 ms.
Mono: successfully reloaded assembly
- Completed reload, in  4.437 seconds
Platform modules already initialized, skipping
Refreshing native plugins compatible for Editor in 2.30 ms, found 1 plugins.
Preloading 0 native plugins for Editor in 0.00 ms.
Unloading 1844 Unused Serialized files (Serialized files now loaded: 0)
System memory in use before: 92.9 MB.
System memory in use after: 93.0 MB.

Unloading 7 unused Assets to reduce memory usage. Loaded Objects now: 2510.
Total: 16.377000 ms (FindLiveObjects: 0.590700 ms CreateObjectMapping: 1.116700 ms MarkObjects: 14.269200 ms  DeleteObjects: 0.398500 ms)

========================================================================
Received Prepare
Registering precompiled user dll's ...
Registered in 0.001443 seconds.
Begin MonoManager ReloadAssembly
Native extension for WindowsStandalone target not found
Refreshing native plugins compatible for Editor in 0.56 ms, found 1 plugins.
Preloading 0 native plugins for Editor in 0.00 ms.
Mono: successfully reloaded assembly
- Completed reload, in  2.045 seconds
Platform modules already initialized, skipping
Refreshing native plugins compatible for Editor in 0.43 ms, found 1 plugins.
Preloading 0 native plugins for Editor in 0.00 ms.
Unloading 1844 Unused Serialized files (Serialized files now loaded: 0)
System memory in use before: 92.9 MB.
System memory in use after: 93.1 MB.

Unloading 7 unused Assets to reduce memory usage. Loaded Objects now: 2514.
Total: 3.922600 ms (FindLiveObjects: 0.246100 ms CreateObjectMapping: 0.056500 ms MarkObjects: 3.589300 ms  DeleteObjects: 0.029000 ms)

========================================================================
Received Prepare
Registering precompiled user dll's ...
Registered in 0.006278 seconds.
Begin MonoManager ReloadAssembly
Native extension for WindowsStandalone target not found
Refreshing native plugins compatible for Editor in 0.43 ms, found 1 plugins.
Preloading 0 native plugins for Editor in 0.00 ms.
Mono: successfully reloaded assembly
- Completed reload, in  1.191 seconds
Platform modules already initialized, skipping
Refreshing native plugins compatible for Editor in 0.53 ms, found 1 plugins.
Preloading 0 native plugins for Editor in 0.00 ms.
Unloading 1844 Unused Serialized files (Serialized files now loaded: 0)
System memory in use before: 92.9 MB.
System memory in use after: 93.1 MB.

Unloading 7 unused Assets to reduce memory usage. Loaded Objects now: 2518.
Total: 3.859600 ms (FindLiveObjects: 0.286900 ms CreateObjectMapping: 0.059200 ms MarkObjects: 3.488600 ms  DeleteObjects: 0.022900 ms)

========================================================================
Received Prepare
Registering precompiled user dll's ...
Registered in 0.001264 seconds.
Begin MonoManager ReloadAssembly
Native extension for WindowsStandalone target not found
Refreshing native plugins compatible for Editor in 0.40 ms, found 1 plugins.
Preloading 0 native plugins for Editor in 0.00 ms.
Mono: successfully reloaded assembly
- Completed reload, in  1.317 seconds
Platform modules already initialized, skipping
Refreshing native plugins compatible for Editor in 0.40 ms, found 1 plugins.
Preloading 0 native plugins for Editor in 0.00 ms.
Unloading 1844 Unused Serialized files (Serialized files now loaded: 0)
System memory in use before: 93.0 MB.
System memory in use after: 93.1 MB.

Unloading 7 unused Assets to reduce memory usage. Loaded Objects now: 2522.
Total: 3.117200 ms (FindLiveObjects: 0.219900 ms CreateObjectMapping: 0.047100 ms MarkObjects: 2.821900 ms  DeleteObjects: 0.026500 ms)

========================================================================
Received Prepare
Registering precompiled user dll's ...
Registered in 0.001810 seconds.
Begin MonoManager ReloadAssembly
Native extension for WindowsStandalone target not found
Refreshing native plugins compatible for Editor in 0.41 ms, found 1 plugins.
Preloading 0 native plugins for Editor in 0.00 ms.
Mono: successfully reloaded assembly
- Completed reload, in  2.857 seconds
Platform modules already initialized, skipping
Refreshing native plugins compatible for Editor in 0.58 ms, found 1 plugins.
Preloading 0 native plugins for Editor in 0.00 ms.
Unloading 1845 Unused Serialized files (Serialized files now loaded: 0)
System memory in use before: 93.0 MB.
System memory in use after: 93.1 MB.

Unloading 7 unused Assets to reduce memory usage. Loaded Objects now: 2527.
Total: 11.138700 ms (FindLiveObjects: 0.255100 ms CreateObjectMapping: 0.072900 ms MarkObjects: 10.757800 ms  DeleteObjects: 0.050500 ms)

========================================================================
Received Prepare
Registering precompiled user dll's ...
Registered in 0.002696 seconds.
Begin MonoManager ReloadAssembly
Native extension for WindowsStandalone target not found
Refreshing native plugins compatible for Editor in 0.53 ms, found 1 plugins.
Preloading 0 native plugins for Editor in 0.00 ms.
Mono: successfully reloaded assembly
- Completed reload, in  1.425 seconds
Platform modules already initialized, skipping
Refreshing native plugins compatible for Editor in 0.37 ms, found 1 plugins.
Preloading 0 native plugins for Editor in 0.00 ms.
Unloading 1845 Unused Serialized files (Serialized files now loaded: 0)
System memory in use before: 93.0 MB.
System memory in use after: 93.1 MB.

Unloading 7 unused Assets to reduce memory usage. Loaded Objects now: 2531.
Total: 2.659400 ms (FindLiveObjects: 0.274400 ms CreateObjectMapping: 0.055200 ms MarkObjects: 2.302900 ms  DeleteObjects: 0.025200 ms)

========================================================================
Received Prepare
Registering precompiled user dll's ...
Registered in 0.003797 seconds.
Begin MonoManager ReloadAssembly
Native extension for WindowsStandalone target not found
Refreshing native plugins compatible for Editor in 0.67 ms, found 1 plugins.
Preloading 0 native plugins for Editor in 0.00 ms.
Mono: successfully reloaded assembly
- Completed reload, in  2.211 seconds
Platform modules already initialized, skipping
Refreshing native plugins compatible for Editor in 0.48 ms, found 1 plugins.
Preloading 0 native plugins for Editor in 0.00 ms.
Unloading 1846 Unused Serialized files (Serialized files now loaded: 0)
System memory in use before: 93.1 MB.
System memory in use after: 93.2 MB.

Unloading 7 unused Assets to reduce memory usage. Loaded Objects now: 2536.
Total: 5.144900 ms (FindLiveObjects: 0.286400 ms CreateObjectMapping: 0.051700 ms MarkObjects: 4.781800 ms  DeleteObjects: 0.023400 ms)

========================================================================
Received Prepare
Registering precompiled user dll's ...
Registered in 0.001000 seconds.
Begin MonoManager ReloadAssembly
Native extension for WindowsStandalone target not found
Refreshing native plugins compatible for Editor in 1.97 ms, found 1 plugins.
Preloading 0 native plugins for Editor in 0.00 ms.
Mono: successfully reloaded assembly
- Completed reload, in  5.257 seconds
Platform modules already initialized, skipping
Refreshing native plugins compatible for Editor in 0.62 ms, found 1 plugins.
Preloading 0 native plugins for Editor in 0.00 ms.
Unloading 1847 Unused Serialized files (Serialized files now loaded: 0)
System memory in use before: 93.0 MB.
System memory in use after: 93.2 MB.

Unloading 7 unused Assets to reduce memory usage. Loaded Objects now: 2541.
Total: 3.683300 ms (FindLiveObjects: 0.643200 ms CreateObjectMapping: 0.117700 ms MarkObjects: 2.899900 ms  DeleteObjects: 0.019700 ms)

========================================================================
Received Prepare
Registering precompiled user dll's ...
Registered in 0.001405 seconds.
Begin MonoManager ReloadAssembly
Native extension for WindowsStandalone target not found
Refreshing native plugins compatible for Editor in 0.40 ms, found 1 plugins.
Preloading 0 native plugins for Editor in 0.00 ms.
Mono: successfully reloaded assembly
- Completed reload, in  1.968 seconds
Platform modules already initialized, skipping
Refreshing native plugins compatible for Editor in 0.40 ms, found 1 plugins.
Preloading 0 native plugins for Editor in 0.00 ms.
Unloading 1847 Unused Serialized files (Serialized files now loaded: 0)
System memory in use before: 93.1 MB.
System memory in use after: 93.2 MB.

Unloading 7 unused Assets to reduce memory usage. Loaded Objects now: 2545.
Total: 24.572000 ms (FindLiveObjects: 0.890900 ms CreateObjectMapping: 0.248300 ms MarkObjects: 23.406900 ms  DeleteObjects: 0.024000 ms)

========================================================================
Received Import Request.
  Time since last request: 1738.321992 seconds.
  path: Assets/Prefabs/VitalStatItem.prefab
  artifactKey: Guid(2688fa6a9416da448ad40309e6409655) Importer(815301076,1909f56bfc062723c751e8b465ee728b)
Start importing Assets/Prefabs/VitalStatItem.prefab using Guid(2688fa6a9416da448ad40309e6409655) Importer(815301076,1909f56bfc062723c751e8b465ee728b)  -> (artifact id: '684f32f821e237a347c315d3c41cb429') in 0.108619 seconds 
========================================================================
Received Import Request.
  Time since last request: 20.059493 seconds.
  path: Assets/Prefabs/HeathPickup.prefab
  artifactKey: Guid(2688fa6a9416da448ad40309e6409655) Importer(815301076,1909f56bfc062723c751e8b465ee728b)
Start importing Assets/Prefabs/HeathPickup.prefab using Guid(2688fa6a9416da448ad40309e6409655) Importer(815301076,1909f56bfc062723c751e8b465ee728b)  -> (artifact id: '81349c9da1faa5897e8615828884cf1b') in 0.028057 seconds 
========================================================================
Received Import Request.
  Time since last request: 12.564174 seconds.
  path: Assets/Prefabs/HealthPickup.prefab
  artifactKey: Guid(2688fa6a9416da448ad40309e6409655) Importer(815301076,1909f56bfc062723c751e8b465ee728b)
Start importing Assets/Prefabs/HealthPickup.prefab using Guid(2688fa6a9416da448ad40309e6409655) Importer(815301076,1909f56bfc062723c751e8b465ee728b)  -> (artifact id: '81ccbf7a1662530adf9d6e688a9f8f12') in 0.034638 seconds 
========================================================================
Received Import Request.
  Time since last request: 7.413397 seconds.
  path: Assets/Prefabs/HealthPickup.prefab
  artifactKey: Guid(2688fa6a9416da448ad40309e6409655) Importer(815301076,1909f56bfc062723c751e8b465ee728b)
Start importing Assets/Prefabs/HealthPickup.prefab using Guid(2688fa6a9416da448ad40309e6409655) Importer(815301076,1909f56bfc062723c751e8b465ee728b)  -> (artifact id: 'df1879b6d0d022e011faa9ae8526735d') in 0.020581 seconds 
========================================================================
Received Import Request.
  Time since last request: 5.321725 seconds.
  path: Assets/Prefabs/HealthPickup.prefab
  artifactKey: Guid(2688fa6a9416da448ad40309e6409655) Importer(815301076,1909f56bfc062723c751e8b465ee728b)
Start importing Assets/Prefabs/HealthPickup.prefab using Guid(2688fa6a9416da448ad40309e6409655) Importer(815301076,1909f56bfc062723c751e8b465ee728b)  -> (artifact id: 'fe6769ed0f9c0488bd7fae0f1ad53d52') in 0.022917 seconds 
========================================================================
Received Prepare
Registering precompiled user dll's ...
Registered in 0.001144 seconds.
Begin MonoManager ReloadAssembly
Native extension for WindowsStandalone target not found
Refreshing native plugins compatible for Editor in 0.99 ms, found 1 plugins.
Preloading 0 native plugins for Editor in 0.00 ms.
Mono: successfully reloaded assembly
- Completed reload, in  2.340 seconds
Platform modules already initialized, skipping
Refreshing native plugins compatible for Editor in 1.53 ms, found 1 plugins.
Preloading 0 native plugins for Editor in 0.00 ms.
Unloading 1847 Unused Serialized files (Serialized files now loaded: 0)
System memory in use before: 93.1 MB.
System memory in use after: 93.3 MB.

Unloading 7 unused Assets to reduce memory usage. Loaded Objects now: 2554.
Total: 5.663000 ms (FindLiveObjects: 0.245400 ms CreateObjectMapping: 0.050100 ms MarkObjects: 5.318900 ms  DeleteObjects: 0.046900 ms)

========================================================================
Received Prepare
Registering precompiled user dll's ...
Registered in 0.001283 seconds.
Begin MonoManager ReloadAssembly
Native extension for WindowsStandalone target not found
Refreshing native plugins compatible for Editor in 0.57 ms, found 1 plugins.
Preloading 0 native plugins for Editor in 0.00 ms.
Mono: successfully reloaded assembly
- Completed reload, in  2.187 seconds
Platform modules already initialized, skipping
Refreshing native plugins compatible for Editor in 0.52 ms, found 1 plugins.
Preloading 0 native plugins for Editor in 0.00 ms.
Unloading 1847 Unused Serialized files (Serialized files now loaded: 0)
System memory in use before: 93.2 MB.
System memory in use after: 93.3 MB.

Unloading 7 unused Assets to reduce memory usage. Loaded Objects now: 2558.
Total: 5.850700 ms (FindLiveObjects: 0.261200 ms CreateObjectMapping: 0.050100 ms MarkObjects: 5.519400 ms  DeleteObjects: 0.018400 ms)

AssetImportWorkerClient::OnTransportError - code=2 error=End of file
